[debug] [2022-07-03T15:23:40.262Z] ----------------------------------------------------------------------
[debug] [2022-07-03T15:23:40.264Z] Command:       D:\Program Files\nodejs\node.exe C:\Users\Hasibul Islam\AppData\Roaming\npm\node_modules\firebase-tools\lib\bin\firebase.js init
[debug] [2022-07-03T15:23:40.265Z] CLI Version:   11.2.0
[debug] [2022-07-03T15:23:40.265Z] Platform:      win32
[debug] [2022-07-03T15:23:40.265Z] Node Version:  v16.15.1
[debug] [2022-07-03T15:23:40.266Z] Time:          Sun Jul 03 2022 21:23:40 GMT+0600 (Bangladesh Standard Time)
[debug] [2022-07-03T15:23:40.266Z] ----------------------------------------------------------------------
[debug] 
[debug] [2022-07-03T15:23:40.372Z] > command requires scopes: ["email","openid","https://www.googleapis.com/auth/cloudplatformprojects.readonly","https://www.googleapis.com/auth/firebase","https://www.googleapis.com/auth/cloud-platform"]
[debug] [2022-07-03T15:23:40.373Z] > authorizing via signed-in user (hasib143sl@gmail.com)
[info] 
     ######## #### ########  ######## ########     ###     ######  ########
     ##        ##  ##     ## ##       ##     ##  ##   ##  ##       ##
     ######    ##  ########  ######   ########  #########  ######  ######
     ##        ##  ##    ##  ##       ##     ## ##     ##       ## ##
     ##       #### ##     ## ######## ########  ##     ##  ######  ########

You're about to initialize a Firebase project in this directory:

  D:\Hasibul Islam\Desktop\travel-guru

Before we get started, keep in mind:

  * You are initializing within an existing Firebase project directory

[info] 
=== Project Setup
[info] 
[info] First, let's associate this project directory with a Firebase project.
[info] You can create multiple project aliases by running firebase use --add, 
[info] but for now we'll just set up a default project.
[info] 
[debug] [2022-07-03T15:24:03.671Z] Using project from CLI flag: travel-guru-a71d0
[debug] [2022-07-03T15:24:03.677Z] >>> [apiv2][query] GET https://firebase.googleapis.com/v1beta1/projects/travel-guru-a71d0 [none]
[debug] [2022-07-03T15:24:04.523Z] <<< [apiv2][status] GET https://firebase.googleapis.com/v1beta1/projects/travel-guru-a71d0 200
[debug] [2022-07-03T15:24:04.523Z] <<< [apiv2][body] GET https://firebase.googleapis.com/v1beta1/projects/travel-guru-a71d0 {"projectId":"travel-guru-a71d0","projectNumber":"342622538025","displayName":"travel-guru","name":"projects/travel-guru-a71d0","resources":{"hostingSite":"travel-guru-a71d0"},"state":"ACTIVE"}
[info] i  Using project travel-guru-a71d0 (travel-guru) 
[info] 
=== Hosting Setup
[info] 
[info] Your public directory is the folder (relative to your project directory) that
[info] will contain Hosting assets to be uploaded with firebase deploy. If you
[info] have a build process for your assets, use your build's output directory.
[info] 
